[ 2025-08-31 21:52:12,797 ] 86 dagshub.auth.tokens - WARNING - The added token already exists in the token cache, skipping
[ 2025-08-31 21:52:13,588 ] 1025 httpx - INFO - HTTP Request: GET https://dagshub.com/api/v1/user "HTTP/1.1 200 OK"
[ 2025-08-31 21:52:13,593 ] 107 dagshub - INFO - Accessing as edurekajuly24gcp
[ 2025-08-31 21:52:14,633 ] 1025 httpx - INFO - HTTP Request: GET https://dagshub.com/api/v1/repos/edurekajuly24gcp/final_mlops_pipeline "HTTP/1.1 200 OK"
[ 2025-08-31 21:52:15,398 ] 1025 httpx - INFO - HTTP Request: GET https://dagshub.com/api/v1/user "HTTP/1.1 200 OK"
[ 2025-08-31 21:52:15,446 ] 107 dagshub - INFO - Initialized MLflow to track repo "edurekajuly24gcp/final_mlops_pipeline"
[ 2025-08-31 21:52:15,448 ] 107 dagshub - INFO - Repository edurekajuly24gcp/final_mlops_pipeline initialized!
[ 2025-08-31 21:52:15,448 ] 20 root - INFO - Initiate the data ingestion
[ 2025-08-31 21:52:18,354 ] 65 root - INFO - Performed train test split on the dataframe
[ 2025-08-31 21:52:18,354 ] 67 root - INFO - Exited split_data_as_train_test method of Data_Ingestion class
[ 2025-08-31 21:52:18,355 ] 75 root - INFO - Exporting train and test file path.
[ 2025-08-31 21:52:18,402 ] 84 root - INFO - Exported train and test file path.
[ 2025-08-31 21:52:18,402 ] 22 root - INFO - Data Initiation Completed
[ 2025-08-31 21:52:18,406 ] 26 root - INFO - Initiate the data Validation
[ 2025-08-31 21:52:18,467 ] 32 root - INFO - Required number of columns:2
[ 2025-08-31 21:52:18,467 ] 33 root - INFO - Data frame has columns:31
[ 2025-08-31 21:52:18,467 ] 32 root - INFO - Required number of columns:2
[ 2025-08-31 21:52:18,467 ] 33 root - INFO - Data frame has columns:31
[ 2025-08-31 21:52:18,653 ] 28 root - INFO - data Validation Completed
[ 2025-08-31 21:52:18,653 ] 31 root - INFO - data Transformation started
[ 2025-08-31 21:52:18,654 ] 63 root - INFO - Entered initiate_data_transformation method of DataTransformation class
[ 2025-08-31 21:52:18,654 ] 65 root - INFO - Starting data transformation
[ 2025-08-31 21:52:18,681 ] 48 root - INFO - Entered get_data_trnasformer_object method of Trnasformation class
[ 2025-08-31 21:52:18,681 ] 53 root - INFO - Initialise KNNImputer with {'missing_values': nan, 'n_neighbors': 3, 'weights': 'uniform'}
[ 2025-08-31 21:52:18,698 ] 46 root - INFO - Entered the save_object method of MainUtils class
[ 2025-08-31 21:52:18,701 ] 50 root - INFO - Exited the save_object method of MainUtils class
[ 2025-08-31 21:52:18,701 ] 46 root - INFO - Entered the save_object method of MainUtils class
[ 2025-08-31 21:52:18,706 ] 50 root - INFO - Exited the save_object method of MainUtils class
[ 2025-08-31 21:52:18,710 ] 35 root - INFO - data Transformation completed
[ 2025-08-31 21:52:18,711 ] 37 root - INFO - Model Training sstared
[ 2025-08-31 21:53:19,317 ] 46 root - INFO - Entered the save_object method of MainUtils class
[ 2025-08-31 21:53:19,318 ] 50 root - INFO - Exited the save_object method of MainUtils class
[ 2025-08-31 21:53:19,318 ] 46 root - INFO - Entered the save_object method of MainUtils class
[ 2025-08-31 21:53:19,341 ] 50 root - INFO - Exited the save_object method of MainUtils class
[ 2025-08-31 21:53:19,341 ] 149 root - INFO - Model trainer artifact: ModelTrainerArtifact(trained_model_file_path='Artifacts\\08_31_2025_21_52_06\\model_trainer\\trained_model\\model.pkl', train_metric_artifact=ClassificationMetricArtifact(f1_score=0.9910218904468879, precision_score=0.9891260571888845, recall_score=0.9929250050535678), test_metric_artifact=ClassificationMetricArtifact(f1_score=0.9749280723386765, precision_score=0.9697465249386754, recall_score=0.9801652892561984))
[ 2025-08-31 21:53:19,344 ] 42 root - INFO - Model Training artifact created
