[ 2025-08-31 22:02:55,418 ] 86 dagshub.auth.tokens - WARNING - The added token already exists in the token cache, skipping
[ 2025-08-31 22:02:56,187 ] 1025 httpx - INFO - HTTP Request: GET https://dagshub.com/api/v1/user "HTTP/1.1 200 OK"
[ 2025-08-31 22:02:56,190 ] 107 dagshub - INFO - Accessing as edurekajuly24gcp
[ 2025-08-31 22:02:56,888 ] 1025 httpx - INFO - HTTP Request: GET https://dagshub.com/api/v1/repos/edurekajuly24gcp/final_mlops_pipeline "HTTP/1.1 200 OK"
[ 2025-08-31 22:02:57,515 ] 1025 httpx - INFO - HTTP Request: GET https://dagshub.com/api/v1/user "HTTP/1.1 200 OK"
[ 2025-08-31 22:02:57,517 ] 107 dagshub - INFO - Initialized MLflow to track repo "edurekajuly24gcp/final_mlops_pipeline"
[ 2025-08-31 22:02:57,517 ] 107 dagshub - INFO - Repository edurekajuly24gcp/final_mlops_pipeline initialized!
[ 2025-08-31 22:54:17,887 ] 42 root - INFO - Start data Ingestion
[ 2025-08-31 22:54:21,259 ] 65 root - INFO - Performed train test split on the dataframe
[ 2025-08-31 22:54:21,259 ] 67 root - INFO - Exited split_data_as_train_test method of Data_Ingestion class
[ 2025-08-31 22:54:21,260 ] 75 root - INFO - Exporting train and test file path.
[ 2025-08-31 22:54:21,320 ] 84 root - INFO - Exported train and test file path.
[ 2025-08-31 22:54:21,321 ] 45 root - INFO - Data Ingestion completed and artifact: DataIngestionArtifact(trained_file_path='Artifacts\\08_31_2025_22_02_52\\data_ingestion\\ingested\\train.csv', test_file_path='Artifacts\\08_31_2025_22_02_52\\data_ingestion\\ingested\\test.csv')
[ 2025-08-31 22:54:21,325 ] 55 root - INFO - Initiate the data Validation
[ 2025-08-31 22:54:21,399 ] 32 root - INFO - Required number of columns:2
[ 2025-08-31 22:54:21,399 ] 33 root - INFO - Data frame has columns:31
[ 2025-08-31 22:54:21,399 ] 32 root - INFO - Required number of columns:2
[ 2025-08-31 22:54:21,399 ] 33 root - INFO - Data frame has columns:31
[ 2025-08-31 22:54:21,567 ] 63 root - INFO - Entered initiate_data_transformation method of DataTransformation class
[ 2025-08-31 22:54:21,567 ] 65 root - INFO - Starting data transformation
[ 2025-08-31 22:54:21,602 ] 48 root - INFO - Entered get_data_trnasformer_object method of Trnasformation class
[ 2025-08-31 22:54:21,602 ] 53 root - INFO - Initialise KNNImputer with {'missing_values': nan, 'n_neighbors': 3, 'weights': 'uniform'}
[ 2025-08-31 22:54:21,615 ] 46 root - INFO - Entered the save_object method of MainUtils class
[ 2025-08-31 22:54:21,621 ] 50 root - INFO - Exited the save_object method of MainUtils class
[ 2025-08-31 22:54:21,621 ] 46 root - INFO - Entered the save_object method of MainUtils class
[ 2025-08-31 22:54:21,627 ] 50 root - INFO - Exited the save_object method of MainUtils class
[ 2025-08-31 22:55:57,196 ] 46 root - INFO - Entered the save_object method of MainUtils class
[ 2025-08-31 22:55:57,196 ] 50 root - INFO - Exited the save_object method of MainUtils class
[ 2025-08-31 22:55:57,196 ] 46 root - INFO - Entered the save_object method of MainUtils class
[ 2025-08-31 22:55:57,232 ] 50 root - INFO - Exited the save_object method of MainUtils class
[ 2025-08-31 22:55:57,232 ] 149 root - INFO - Model trainer artifact: ModelTrainerArtifact(trained_model_file_path='Artifacts\\08_31_2025_22_02_52\\model_trainer\\trained_model\\model.pkl', train_metric_artifact=ClassificationMetricArtifact(f1_score=0.9913889170296829, precision_score=0.98948432760364, recall_score=0.9933008526187577), test_metric_artifact=ClassificationMetricArtifact(f1_score=0.9745042492917847, precision_score=0.9709677419354839, recall_score=0.9780666125101544))
